impossivel
100
105
111
18
296
433
133
impossivel
37
impossivel
56
35
310
66
46
8
106
impossivel
146
91
446
280
505
impossivel
163
1023
725
impossivel
16
586
678
93
146
364
160
impossivel
288
1168
impossivel
impossivel
409
46
428
220
4
impossivel
131
488
7
10
287
1838
11
impossivel
8
247
1007
2
110
208
384
impossivel
impossivel
19
impossivel
17
1319
78
impossivel
448
412
impossivel
128
107
815
174
205
137
275
171
impossivel
433
24
262
1041
impossivel
462
88
1332
impossivel
92
110
579
1360
impossivel
impossivel
22
6
148
