127
3
impossivel
impossivel
impossivel
319
impossivel
45
240
impossivel
334
5
81
impossivel
272
impossivel
impossivel
impossivel
22
391
282
6
impossivel
168
impossivel
impossivel
302
34
265
201
549
34
453
51
100
impossivel
impossivel
127
11
84
430
121
33
impossivel
48
impossivel
impossivel
993
1
impossivel
11
impossivel
11
444
181
544
99
22
434
58
impossivel
27
19
16
59
598
impossivel
impossivel
70
65
163
53
12
1203
48
883
374
471
impossivel
486
impossivel
1
75
128
22
impossivel
impossivel
209
impossivel
14
55
98
11
490
136
66
38
150
impossivel
510
